[2023-08-07T07:48:08.157Z] undefined [31merror[39m: uncaughtException: listen EADDRINUSE: address already in use :::3000
Error: listen EADDRINUSE: address already in use :::3000
    at Server.setupListenHandle [as _listen2] (node:net:1751:16)
    at listenInCluster (node:net:1799:12)
    at Server.listen (node:net:1887:7)
    at Function.listen (/home/linette/Desktop/Backend /node_modules/express/lib/application.js:635:24)
    at /home/linette/Desktop/Backend /dist/app.js:67:12
    at Generator.next (<anonymous>)
    at fulfilled (/home/linette/Desktop/Backend /dist/app.js:28:58)
    at process.processTicksAndRejections (node:internal/process/task_queues:95:5)
[2023-08-07T07:49:07.092Z] undefined [31merror[39m: uncaughtException: listen EADDRINUSE: address already in use :::3000
Error: listen EADDRINUSE: address already in use :::3000
    at Server.setupListenHandle [as _listen2] (node:net:1751:16)
    at listenInCluster (node:net:1799:12)
    at Server.listen (node:net:1887:7)
    at Function.listen (/home/linette/Desktop/Backend /node_modules/express/lib/application.js:635:24)
    at /home/linette/Desktop/Backend /dist/app.js:67:12
    at Generator.next (<anonymous>)
    at fulfilled (/home/linette/Desktop/Backend /dist/app.js:28:58)
    at process.processTicksAndRejections (node:internal/process/task_queues:95:5)
[2023-08-07T07:51:05.698Z] undefined [31merror[39m: uncaughtException: listen EADDRINUSE: address already in use :::3000
Error: listen EADDRINUSE: address already in use :::3000
    at Server.setupListenHandle [as _listen2] (node:net:1751:16)
    at listenInCluster (node:net:1799:12)
    at Server.listen (node:net:1887:7)
    at Function.listen (/home/linette/Desktop/Backend /node_modules/express/lib/application.js:635:24)
    at /home/linette/Desktop/Backend /dist/app.js:67:12
    at Generator.next (<anonymous>)
    at fulfilled (/home/linette/Desktop/Backend /dist/app.js:28:58)
    at process.processTicksAndRejections (node:internal/process/task_queues:95:5)
[2023-08-07T07:52:26.500Z] undefined [31merror[39m: uncaughtException: listen EADDRINUSE: address already in use :::3000
Error: listen EADDRINUSE: address already in use :::3000
    at Server.setupListenHandle [as _listen2] (node:net:1751:16)
    at listenInCluster (node:net:1799:12)
    at Server.listen (node:net:1887:7)
    at Function.listen (/home/linette/Desktop/Backend /node_modules/express/lib/application.js:635:24)
    at /home/linette/Desktop/Backend /dist/app.js:67:12
    at Generator.next (<anonymous>)
    at fulfilled (/home/linette/Desktop/Backend /dist/app.js:28:58)
    at process.processTicksAndRejections (node:internal/process/task_queues:95:5)
[2023-08-07T07:52:55.650Z] undefined [31merror[39m: uncaughtException: listen EADDRINUSE: address already in use :::3000
Error: listen EADDRINUSE: address already in use :::3000
    at Server.setupListenHandle [as _listen2] (node:net:1751:16)
    at listenInCluster (node:net:1799:12)
    at Server.listen (node:net:1887:7)
    at Function.listen (/home/linette/Desktop/Backend /node_modules/express/lib/application.js:635:24)
    at /home/linette/Desktop/Backend /dist/app.js:67:12
    at Generator.next (<anonymous>)
    at fulfilled (/home/linette/Desktop/Backend /dist/app.js:28:58)
    at process.processTicksAndRejections (node:internal/process/task_queues:95:5)
[2023-08-07T07:55:24.242Z] undefined [31merror[39m: uncaughtException: listen EADDRINUSE: address already in use :::3000
Error: listen EADDRINUSE: address already in use :::3000
    at Server.setupListenHandle [as _listen2] (node:net:1751:16)
    at listenInCluster (node:net:1799:12)
    at Server.listen (node:net:1887:7)
    at Function.listen (/home/linette/Desktop/Backend /node_modules/express/lib/application.js:635:24)
    at /home/linette/Desktop/Backend /dist/app.js:67:12
    at Generator.next (<anonymous>)
    at fulfilled (/home/linette/Desktop/Backend /dist/app.js:28:58)
    at process.processTicksAndRejections (node:internal/process/task_queues:95:5)
[2023-08-07T07:56:01.598Z] undefined [31merror[39m: uncaughtException: listen EADDRINUSE: address already in use :::3000
Error: listen EADDRINUSE: address already in use :::3000
    at Server.setupListenHandle [as _listen2] (node:net:1751:16)
    at listenInCluster (node:net:1799:12)
    at Server.listen (node:net:1887:7)
    at Function.listen (/home/linette/Desktop/Backend /node_modules/express/lib/application.js:635:24)
    at /home/linette/Desktop/Backend /dist/app.js:67:12
    at Generator.next (<anonymous>)
    at fulfilled (/home/linette/Desktop/Backend /dist/app.js:28:58)
    at process.processTicksAndRejections (node:internal/process/task_queues:95:5)
[2023-08-07T07:56:14.637Z] undefined [31merror[39m: uncaughtException: listen EADDRINUSE: address already in use :::3000
Error: listen EADDRINUSE: address already in use :::3000
    at Server.setupListenHandle [as _listen2] (node:net:1751:16)
    at listenInCluster (node:net:1799:12)
    at Server.listen (node:net:1887:7)
    at Function.listen (/home/linette/Desktop/Backend /node_modules/express/lib/application.js:635:24)
    at /home/linette/Desktop/Backend /dist/app.js:67:12
    at Generator.next (<anonymous>)
    at fulfilled (/home/linette/Desktop/Backend /dist/app.js:28:58)
    at process.processTicksAndRejections (node:internal/process/task_queues:95:5)
[2023-08-07T07:57:03.410Z] undefined [31merror[39m: uncaughtException: listen EADDRINUSE: address already in use :::3000
Error: listen EADDRINUSE: address already in use :::3000
    at Server.setupListenHandle [as _listen2] (node:net:1751:16)
    at listenInCluster (node:net:1799:12)
    at Server.listen (node:net:1887:7)
    at Function.listen (/home/linette/Desktop/Backend /node_modules/express/lib/application.js:635:24)
    at /home/linette/Desktop/Backend /dist/app.js:67:12
    at Generator.next (<anonymous>)
    at fulfilled (/home/linette/Desktop/Backend /dist/app.js:28:58)
    at process.processTicksAndRejections (node:internal/process/task_queues:95:5)
[2023-08-07T07:57:19.630Z] undefined [31merror[39m: uncaughtException: listen EADDRINUSE: address already in use :::3000
Error: listen EADDRINUSE: address already in use :::3000
    at Server.setupListenHandle [as _listen2] (node:net:1751:16)
    at listenInCluster (node:net:1799:12)
    at Server.listen (node:net:1887:7)
    at Function.listen (/home/linette/Desktop/Backend /node_modules/express/lib/application.js:635:24)
    at /home/linette/Desktop/Backend /dist/app.js:67:12
    at Generator.next (<anonymous>)
    at fulfilled (/home/linette/Desktop/Backend /dist/app.js:28:58)
    at process.processTicksAndRejections (node:internal/process/task_queues:95:5)
[2023-08-07T07:58:08.507Z] undefined [31merror[39m: uncaughtException: listen EADDRINUSE: address already in use :::3000
Error: listen EADDRINUSE: address already in use :::3000
    at Server.setupListenHandle [as _listen2] (node:net:1751:16)
    at listenInCluster (node:net:1799:12)
    at Server.listen (node:net:1887:7)
    at Function.listen (/home/linette/Desktop/Backend /node_modules/express/lib/application.js:635:24)
    at /home/linette/Desktop/Backend /dist/app.js:67:12
    at Generator.next (<anonymous>)
    at fulfilled (/home/linette/Desktop/Backend /dist/app.js:28:58)
    at process.processTicksAndRejections (node:internal/process/task_queues:95:5)
[2023-08-07T07:58:31.644Z] undefined [31merror[39m: uncaughtException: listen EADDRINUSE: address already in use :::3000
Error: listen EADDRINUSE: address already in use :::3000
    at Server.setupListenHandle [as _listen2] (node:net:1751:16)
    at listenInCluster (node:net:1799:12)
    at Server.listen (node:net:1887:7)
    at Function.listen (/home/linette/Desktop/Backend /node_modules/express/lib/application.js:635:24)
    at /home/linette/Desktop/Backend /dist/app.js:67:12
    at Generator.next (<anonymous>)
    at fulfilled (/home/linette/Desktop/Backend /dist/app.js:28:58)
    at process.processTicksAndRejections (node:internal/process/task_queues:95:5)
[2023-08-07T07:59:05.529Z] undefined [31merror[39m: uncaughtException: listen EADDRINUSE: address already in use :::3000
Error: listen EADDRINUSE: address already in use :::3000
    at Server.setupListenHandle [as _listen2] (node:net:1751:16)
    at listenInCluster (node:net:1799:12)
    at Server.listen (node:net:1887:7)
    at Function.listen (/home/linette/Desktop/Backend /node_modules/express/lib/application.js:635:24)
    at /home/linette/Desktop/Backend /dist/app.js:67:12
    at Generator.next (<anonymous>)
    at fulfilled (/home/linette/Desktop/Backend /dist/app.js:28:58)
    at process.processTicksAndRejections (node:internal/process/task_queues:95:5)
[2023-08-07T08:00:34.274Z] undefined [31merror[39m: uncaughtException: listen EADDRINUSE: address already in use :::3000
Error: listen EADDRINUSE: address already in use :::3000
    at Server.setupListenHandle [as _listen2] (node:net:1751:16)
    at listenInCluster (node:net:1799:12)
    at Server.listen (node:net:1887:7)
    at Function.listen (/home/linette/Desktop/Backend /node_modules/express/lib/application.js:635:24)
    at /home/linette/Desktop/Backend /dist/app.js:67:12
    at Generator.next (<anonymous>)
    at fulfilled (/home/linette/Desktop/Backend /dist/app.js:28:58)
    at process.processTicksAndRejections (node:internal/process/task_queues:95:5)
[2023-08-07T08:01:30.057Z] undefined [31merror[39m: uncaughtException: listen EADDRINUSE: address already in use :::3000
Error: listen EADDRINUSE: address already in use :::3000
    at Server.setupListenHandle [as _listen2] (node:net:1751:16)
    at listenInCluster (node:net:1799:12)
    at Server.listen (node:net:1887:7)
    at Function.listen (/home/linette/Desktop/Backend /node_modules/express/lib/application.js:635:24)
    at /home/linette/Desktop/Backend /dist/app.js:67:12
    at Generator.next (<anonymous>)
    at fulfilled (/home/linette/Desktop/Backend /dist/app.js:28:58)
    at process.processTicksAndRejections (node:internal/process/task_queues:95:5)
[2023-08-07T08:02:36.699Z] undefined [31merror[39m: uncaughtException: listen EADDRINUSE: address already in use :::3000
Error: listen EADDRINUSE: address already in use :::3000
    at Server.setupListenHandle [as _listen2] (node:net:1751:16)
    at listenInCluster (node:net:1799:12)
    at Server.listen (node:net:1887:7)
    at Function.listen (/home/linette/Desktop/Backend /node_modules/express/lib/application.js:635:24)
    at /home/linette/Desktop/Backend /dist/app.js:67:12
    at Generator.next (<anonymous>)
    at fulfilled (/home/linette/Desktop/Backend /dist/app.js:28:58)
    at process.processTicksAndRejections (node:internal/process/task_queues:95:5)
[2023-08-07T08:04:36.918Z] undefined [31merror[39m: uncaughtException: listen EADDRINUSE: address already in use :::3000
Error: listen EADDRINUSE: address already in use :::3000
    at Server.setupListenHandle [as _listen2] (node:net:1751:16)
    at listenInCluster (node:net:1799:12)
    at Server.listen (node:net:1887:7)
    at Function.listen (/home/linette/Desktop/Backend /node_modules/express/lib/application.js:635:24)
    at /home/linette/Desktop/Backend /dist/app.js:67:12
    at Generator.next (<anonymous>)
    at fulfilled (/home/linette/Desktop/Backend /dist/app.js:28:58)
    at process.processTicksAndRejections (node:internal/process/task_queues:95:5)
[2023-08-07T08:05:41.191Z] undefined [31merror[39m: uncaughtException: listen EADDRINUSE: address already in use :::3000
Error: listen EADDRINUSE: address already in use :::3000
    at Server.setupListenHandle [as _listen2] (node:net:1751:16)
    at listenInCluster (node:net:1799:12)
    at Server.listen (node:net:1887:7)
    at Function.listen (/home/linette/Desktop/Backend /node_modules/express/lib/application.js:635:24)
    at /home/linette/Desktop/Backend /dist/app.js:67:12
    at Generator.next (<anonymous>)
    at fulfilled (/home/linette/Desktop/Backend /dist/app.js:28:58)
    at process.processTicksAndRejections (node:internal/process/task_queues:95:5)
[2023-08-07T08:05:54.727Z] undefined [31merror[39m: uncaughtException: listen EADDRINUSE: address already in use :::3000
Error: listen EADDRINUSE: address already in use :::3000
    at Server.setupListenHandle [as _listen2] (node:net:1751:16)
    at listenInCluster (node:net:1799:12)
    at Server.listen (node:net:1887:7)
    at Function.listen (/home/linette/Desktop/Backend /node_modules/express/lib/application.js:635:24)
    at /home/linette/Desktop/Backend /dist/app.js:67:12
    at Generator.next (<anonymous>)
    at fulfilled (/home/linette/Desktop/Backend /dist/app.js:28:58)
    at process.processTicksAndRejections (node:internal/process/task_queues:95:5)
[2023-08-07T08:06:26.691Z] undefined [31merror[39m: uncaughtException: listen EADDRINUSE: address already in use :::3000
Error: listen EADDRINUSE: address already in use :::3000
    at Server.setupListenHandle [as _listen2] (node:net:1751:16)
    at listenInCluster (node:net:1799:12)
    at Server.listen (node:net:1887:7)
    at Function.listen (/home/linette/Desktop/Backend /node_modules/express/lib/application.js:635:24)
    at /home/linette/Desktop/Backend /dist/app.js:67:12
    at Generator.next (<anonymous>)
    at fulfilled (/home/linette/Desktop/Backend /dist/app.js:28:58)
    at process.processTicksAndRejections (node:internal/process/task_queues:95:5)
[2023-08-07T08:07:01.753Z] undefined [31merror[39m: uncaughtException: listen EADDRINUSE: address already in use :::3000
Error: listen EADDRINUSE: address already in use :::3000
    at Server.setupListenHandle [as _listen2] (node:net:1751:16)
    at listenInCluster (node:net:1799:12)
    at Server.listen (node:net:1887:7)
    at Function.listen (/home/linette/Desktop/Backend /node_modules/express/lib/application.js:635:24)
    at /home/linette/Desktop/Backend /dist/app.js:67:12
    at Generator.next (<anonymous>)
    at fulfilled (/home/linette/Desktop/Backend /dist/app.js:28:58)
    at process.processTicksAndRejections (node:internal/process/task_queues:95:5)
[2023-08-07T08:07:30.049Z] undefined [31merror[39m: uncaughtException: listen EADDRINUSE: address already in use :::3000
Error: listen EADDRINUSE: address already in use :::3000
    at Server.setupListenHandle [as _listen2] (node:net:1751:16)
    at listenInCluster (node:net:1799:12)
    at Server.listen (node:net:1887:7)
    at Function.listen (/home/linette/Desktop/Backend /node_modules/express/lib/application.js:635:24)
    at /home/linette/Desktop/Backend /dist/app.js:67:12
    at Generator.next (<anonymous>)
    at fulfilled (/home/linette/Desktop/Backend /dist/app.js:28:58)
    at process.processTicksAndRejections (node:internal/process/task_queues:95:5)
[2023-08-07T08:09:08.102Z] undefined [31merror[39m: uncaughtException: listen EADDRINUSE: address already in use :::3000
Error: listen EADDRINUSE: address already in use :::3000
    at Server.setupListenHandle [as _listen2] (node:net:1751:16)
    at listenInCluster (node:net:1799:12)
    at Server.listen (node:net:1887:7)
    at Function.listen (/home/linette/Desktop/Backend /node_modules/express/lib/application.js:635:24)
    at /home/linette/Desktop/Backend /dist/app.js:43:12
    at Generator.next (<anonymous>)
    at fulfilled (/home/linette/Desktop/Backend /dist/app.js:5:58)
    at process.processTicksAndRejections (node:internal/process/task_queues:95:5)
[2023-08-07T08:09:55.218Z] undefined [31merror[39m: uncaughtException: listen EADDRINUSE: address already in use :::3000
Error: listen EADDRINUSE: address already in use :::3000
    at Server.setupListenHandle [as _listen2] (node:net:1751:16)
    at listenInCluster (node:net:1799:12)
    at Server.listen (node:net:1887:7)
    at Function.listen (/home/linette/Desktop/Backend /node_modules/express/lib/application.js:635:24)
    at /home/linette/Desktop/Backend /dist/app.js:43:12
    at Generator.next (<anonymous>)
    at fulfilled (/home/linette/Desktop/Backend /dist/app.js:5:58)
    at process.processTicksAndRejections (node:internal/process/task_queues:95:5)
[2023-08-07T08:10:22.635Z] undefined [31merror[39m: uncaughtException: listen EADDRINUSE: address already in use :::3000
Error: listen EADDRINUSE: address already in use :::3000
    at Server.setupListenHandle [as _listen2] (node:net:1751:16)
    at listenInCluster (node:net:1799:12)
    at Server.listen (node:net:1887:7)
    at Function.listen (/home/linette/Desktop/Backend /node_modules/express/lib/application.js:635:24)
    at /home/linette/Desktop/Backend /dist/app.js:43:12
    at Generator.next (<anonymous>)
    at fulfilled (/home/linette/Desktop/Backend /dist/app.js:5:58)
    at process.processTicksAndRejections (node:internal/process/task_queues:95:5)
[2023-08-07T08:11:07.858Z] undefined [31merror[39m: uncaughtException: listen EADDRINUSE: address already in use :::3000
Error: listen EADDRINUSE: address already in use :::3000
    at Server.setupListenHandle [as _listen2] (node:net:1751:16)
    at listenInCluster (node:net:1799:12)
    at Server.listen (node:net:1887:7)
    at Function.listen (/home/linette/Desktop/Backend /node_modules/express/lib/application.js:635:24)
    at /home/linette/Desktop/Backend /dist/app.js:43:12
    at Generator.next (<anonymous>)
    at fulfilled (/home/linette/Desktop/Backend /dist/app.js:5:58)
    at process.processTicksAndRejections (node:internal/process/task_queues:95:5)
[2023-08-07T08:11:49.969Z] undefined [31merror[39m: uncaughtException: listen EADDRINUSE: address already in use :::3000
Error: listen EADDRINUSE: address already in use :::3000
    at Server.setupListenHandle [as _listen2] (node:net:1751:16)
    at listenInCluster (node:net:1799:12)
    at Server.listen (node:net:1887:7)
    at Function.listen (/home/linette/Desktop/Backend /node_modules/express/lib/application.js:635:24)
    at Object.<anonymous> (/home/linette/Desktop/Backend /dist/app.js:34:8)
    at Module._compile (node:internal/modules/cjs/loader:1256:14)
    at Module._extensions..js (node:internal/modules/cjs/loader:1310:10)
    at Module.load (node:internal/modules/cjs/loader:1119:32)
    at Module._load (node:internal/modules/cjs/loader:960:12)
    at Function.executeUserEntryPoint [as runMain] (node:internal/modules/run_main:81:12)
[2023-08-07T08:13:50.639Z] undefined [31merror[39m: uncaughtException: listen EADDRINUSE: address already in use :::3000
Error: listen EADDRINUSE: address already in use :::3000
    at Server.setupListenHandle [as _listen2] (node:net:1751:16)
    at listenInCluster (node:net:1799:12)
    at Server.listen (node:net:1887:7)
    at Function.listen (/home/linette/Desktop/Backend /node_modules/express/lib/application.js:635:24)
    at /home/linette/Desktop/Backend /dist/app.js:43:12
    at Generator.next (<anonymous>)
    at fulfilled (/home/linette/Desktop/Backend /dist/app.js:5:58)
    at process.processTicksAndRejections (node:internal/process/task_queues:95:5)
