[2023-08-06T21:31:01.695Z] undefined [31merror[39m: Invalid id request : doesnt exist in the database
[2023-08-06T21:31:01.696Z] undefined [31merror[39m: get employee by id method call failed --
[2023-08-06T21:31:21.676Z] undefined [31merror[39m: login failed! -- controller
[2023-08-07T07:39:51.067Z] undefined [31merror[39m: login failed! -- controller
[2023-08-07T07:46:33.745Z] undefined [31merror[39m: login failed! -- controller
[2023-08-07T07:46:41.511Z] undefined [31merror[39m: login failed! -- controller
[2023-08-07T07:48:13.866Z] undefined [31merror[39m: login failed! -- controller
[2023-08-07T07:48:22.197Z] undefined [31merror[39m: login failed! -- controller
[2023-08-07T07:48:33.795Z] undefined [31merror[39m: login failed! -- controller
[2023-08-07T07:49:11.751Z] undefined [31merror[39m: login failed! -- controller
[2023-08-07T07:50:51.018Z] undefined [31merror[39m: login failed! -- controller
[2023-08-07T07:52:15.301Z] undefined [31merror[39m: login failed! -- controller
[2023-08-07T07:52:35.207Z] undefined [31merror[39m: login failed! -- controller
[2023-08-07T07:55:28.466Z] undefined [31merror[39m: login failed! -- controller
[2023-08-07T08:15:22.933Z] undefined [31merror[39m: Login failed -- service
[2023-08-07T08:15:22.934Z] undefined [31merror[39m: login failed! -- controller
[2023-08-07T08:18:14.676Z] undefined [31merror[39m: Invalid id request : doesnt exist in the database
[2023-08-07T08:18:14.677Z] undefined [31merror[39m: get employee by id method call failed -- controller
[2023-08-07T08:21:02.920Z] undefined [31merror[39m: Post employee api called failed -- controller 
[2023-08-07T08:23:47.047Z] undefined [31merror[39m: Post employee api called failed -- controller 
[2023-08-07T08:27:09.881Z] undefined [31merror[39m: Post employee api called failed -- controller 
[2023-08-07T12:21:18.252Z] undefined [31merror[39m: Invalid id request : doesnt exist in the database
[2023-08-07T12:21:18.252Z] undefined [31merror[39m: get employee by id method call failed -- controller
